<?xml version="1.0" encoding="UTF-8"?>
<testng-results skipped="0" failed="0" ignored="0" total="1" passed="1">
  <reporter-output>
  </reporter-output>
  <suite name="Default suite" duration-ms="6509" started-at="2017-08-23T07:43:52Z" finished-at="2017-08-23T07:43:59Z">
    <groups>
    </groups>
    <test name="Default test" duration-ms="6509" started-at="2017-08-23T07:43:52Z" finished-at="2017-08-23T07:43:59Z">
      <class name="com.sample.testProject.AppTest">
        <test-method status="PASS" signature="beforeTest()[pri:0, instance:com.sample.testProject.AppTest@13805618]" name="beforeTest" is-config="true" duration-ms="5947" started-at="2017-08-23T09:43:52Z" finished-at="2017-08-23T09:43:58Z">
          <reporter-output>
          </reporter-output>
        </test-method> <!-- beforeTest -->
        <test-method status="PASS" signature="f()[pri:0, instance:com.sample.testProject.AppTest@13805618]" name="f" duration-ms="13" started-at="2017-08-23T09:43:58Z" finished-at="2017-08-23T09:43:58Z">
          <reporter-output>
          </reporter-output>
        </test-method> <!-- f -->
        <test-method status="PASS" signature="afterTest()[pri:0, instance:com.sample.testProject.AppTest@13805618]" name="afterTest" is-config="true" duration-ms="531" started-at="2017-08-23T09:43:58Z" finished-at="2017-08-23T09:43:59Z">
          <reporter-output>
          </reporter-output>
        </test-method> <!-- afterTest -->
      </class> <!-- com.sample.testProject.AppTest -->
    </test> <!-- Default test -->
  </suite> <!-- Default suite -->
</testng-results>
